


ARM Macro Assembler    Page 1 


    1 00000000         ;/******************************************************
                       ***********************
    2 00000000         ; * @file:    startup_MKL25Z4.s
    3 00000000         ; * @purpose: CMSIS Cortex-M0plus Core Device Startup Fi
                       le for the
    4 00000000         ; *           MKL25Z4
    5 00000000         ; * @version: 1.1
    6 00000000         ; * @date:    2012-6-21
    7 00000000         ; *
    8 00000000         ; * Copyright: 1997 - 2012 Freescale Semiconductor, Inc.
                        All Rights Reserved.
    9 00000000         ;*
   10 00000000         ; *------- <<< Use Configuration Wizard in Context Menu 
                       >>> ------------------
   11 00000000         ; *
   12 00000000         ; ******************************************************
                       ***********************/
   13 00000000         
   14 00000000         
   15 00000000         ; <h> Stack Configuration
   16 00000000         ;   <o> Stack Size (in Bytes) <0x0-0xFFFFFFFF:8>
   17 00000000         ; </h>
   18 00000000         
   19 00000000 00000800 
                       Stack_Size
                               EQU              0x00000800
   20 00000000         
   21 00000000                 AREA             STACK, NOINIT, READWRITE, ALIGN
=3
   22 00000000         Stack_Mem
                               SPACE            Stack_Size
   23 00000800 20002FF8 
                       __initial_sp
                               EQU              0x20002ff8
   24 00000800         
   25 00000800         
   26 00000800         ; <h> Heap Configuration
   27 00000800         ;   <o>  Heap Size (in Bytes) <0x0-0xFFFFFFFF:8>
   28 00000800         ; </h>
   29 00000800         
   30 00000800 00000000 
                       Heap_Size
                               EQU              0x00000000
   31 00000800         
   32 00000800                 AREA             HEAP, NOINIT, READWRITE, ALIGN=
3
   33 00000000         __heap_base
   34 00000000         Heap_Mem
                               SPACE            Heap_Size
   35 00000000         __heap_limit
   36 00000000         
   37 00000000         
   38 00000000                 PRESERVE8
   39 00000000                 THUMB
   40 00000000         
   41 00000000         
   42 00000000         ; Vector Table Mapped to Address 0 at Reset
   43 00000000         
   44 00000000                 AREA             RESET, DATA, READONLY



ARM Macro Assembler    Page 2 


   45 00000000                 EXPORT           __Vectors
   46 00000000                 EXPORT           __Vectors_End
   47 00000000                 EXPORT           __Vectors_Size
   48 00000000         
   49 00000000 20002FF8 
                       __Vectors
                               DCD              __initial_sp ; Top of Stack
   50 00000004 00000000        DCD              Reset_Handler ; Reset Handler
   51 00000008 00000000        DCD              NMI_Handler ; NMI Handler
   52 0000000C 00000000        DCD              HardFault_Handler ; Hard Fault 
                                                            Handler
   53 00000010 00000000        DCD              0           ; Reserved
   54 00000014 00000000        DCD              0           ; Reserved
   55 00000018 00000000        DCD              0           ; Reserved
   56 0000001C 00000000        DCD              0           ; Reserved
   57 00000020 00000000        DCD              0           ; Reserved
   58 00000024 00000000        DCD              0           ; Reserved
   59 00000028 00000000        DCD              0           ; Reserved
   60 0000002C 00000000        DCD              SVC_Handler ; SVCall Handler
   61 00000030 00000000        DCD              0           ; Reserved
   62 00000034 00000000        DCD              0           ; Reserved
   63 00000038 00000000        DCD              PendSV_Handler ; PendSV Handler
                                                            
   64 0000003C 00000000        DCD              SysTick_Handler 
                                                            ; SysTick Handler
   65 00000040         
   66 00000040         ; External Interrupts
   67 00000040 00000000        DCD              DMA0_IRQHandler ; DMA channel 0
                                                             transfer complete 
                                                            interrupt
   68 00000044 00000000        DCD              DMA1_IRQHandler ; DMA channel 1
                                                             transfer complete 
                                                            interrupt
   69 00000048 00000000        DCD              DMA2_IRQHandler ; DMA channel 2
                                                             transfer complete 
                                                            interrupt
   70 0000004C 00000000        DCD              DMA3_IRQHandler ; DMA channel 3
                                                             transfer complete 
                                                            interrupt
   71 00000050 00000000        DCD              Reserved20_IRQHandler ; Reserve
                                                            d interrupt 20
   72 00000054 00000000        DCD              FTFA_IRQHandler 
                                                            ; FTFA interrupt
   73 00000058 00000000        DCD              LVD_LVW_IRQHandler ; Low Voltag
                                                            e Detect, Low Volta
                                                            ge Warning
   74 0000005C 00000000        DCD              LLW_IRQHandler ; Low Leakage Wa
                                                            keup
   75 00000060 00000000        DCD              I2C0_IRQHandler 
                                                            ; I2C0 interrupt
   76 00000064 00000000        DCD              I2C1_IRQHandler 
                                                            ; I2C0 interrupt 25
                                                            
   77 00000068 00000000        DCD              SPI0_IRQHandler 
                                                            ; SPI0 interrupt
   78 0000006C 00000000        DCD              SPI1_IRQHandler 
                                                            ; SPI1 interrupt
   79 00000070 00000000        DCD              UART0_IRQHandler ; UART0 status
                                                            /error interrupt



ARM Macro Assembler    Page 3 


   80 00000074 00000000        DCD              UART1_IRQHandler ; UART1 status
                                                            /error interrupt
   81 00000078 00000000        DCD              UART2_IRQHandler ; UART2 status
                                                            /error interrupt
   82 0000007C 00000000        DCD              ADC0_IRQHandler 
                                                            ; ADC0 interrupt
   83 00000080 00000000        DCD              CMP0_IRQHandler 
                                                            ; CMP0 interrupt
   84 00000084 00000000        DCD              TPM0_IRQHandler ; TPM0 fault, o
                                                            verflow and channel
                                                            s interrupt
   85 00000088 00000000        DCD              TPM1_IRQHandler ; TPM1 fault, o
                                                            verflow and channel
                                                            s interrupt
   86 0000008C 00000000        DCD              TPM2_IRQHandler ; TPM2 fault, o
                                                            verflow and channel
                                                            s interrupt
   87 00000090 00000000        DCD              RTC_IRQHandler ; RTC interrupt
   88 00000094 00000000        DCD              RTC_Seconds_IRQHandler ; RTC se
                                                            conds interrupt
   89 00000098 00000000        DCD              PIT_IRQHandler ; PIT timer inte
                                                            rrupt
   90 0000009C 00000000        DCD              Reserved39_IRQHandler ; Reserve
                                                            d interrupt 39
   91 000000A0 00000000        DCD              USB0_IRQHandler 
                                                            ; USB0 interrupt
   92 000000A4 00000000        DCD              DAC0_IRQHandler ; DAC interrupt
                                                            
   93 000000A8 00000000        DCD              TSI0_IRQHandler 
                                                            ; TSI0 interrupt
   94 000000AC 00000000        DCD              MCG_IRQHandler ; MCG interrupt
   95 000000B0 00000000        DCD              LPTimer_IRQHandler 
                                                            ; LPTimer interrupt
                                                            
   96 000000B4 00000000        DCD              Reserved45_IRQHandler ; Reserve
                                                            d interrupt 45
   97 000000B8 00000000        DCD              PORTA_IRQHandler 
                                                            ; Port A interrupt
   98 000000BC 00000000        DCD              PORTD_IRQHandler 
                                                            ; Port D interrupt
   99 000000C0 00000000        DCD              0           ; Reserved
  100 000000C4 00000000        DCD              0           ; Reserved
  101 000000C8 00000000        DCD              0           ; Reserved
  102 000000CC 00000000        DCD              0           ; Reserved
  103 000000D0 00000000        DCD              0           ; Reserved
  104 000000D4 00000000        DCD              0           ; Reserved
  105 000000D8 00000000        DCD              0           ; Reserved
  106 000000DC 00000000        DCD              0           ; Reserved
  107 000000E0 00000000        DCD              0           ; Reserved
  108 000000E4 00000000        DCD              0           ; Reserved
  109 000000E8 00000000        DCD              0           ; Reserved
  110 000000EC 00000000        DCD              0           ; Reserved
  111 000000F0 00000000        DCD              0           ; Reserved
  112 000000F4 00000000        DCD              0           ; Reserved
  113 000000F8 00000000        DCD              0           ; Reserved
  114 000000FC 00000000        DCD              0           ; Reserved
  115 00000100 00000000        DCD              0           ; Reserved
  116 00000104 00000000        DCD              0           ; Reserved
  117 00000108 00000000        DCD              0           ; Reserved



ARM Macro Assembler    Page 4 


  118 0000010C 00000000        DCD              0           ; Reserved
  119 00000110 00000000        DCD              0           ; Reserved
  120 00000114 00000000        DCD              0           ; Reserved
  121 00000118 00000000        DCD              0           ; Reserved
  122 0000011C 00000000        DCD              0           ; Reserved
  123 00000120 00000000        DCD              0           ; Reserved
  124 00000124 00000000        DCD              0           ; Reserved
  125 00000128 00000000        DCD              0           ; Reserved
  126 0000012C 00000000        DCD              0           ; Reserved
  127 00000130 00000000        DCD              0           ; Reserved
  128 00000134 00000000        DCD              0           ; Reserved
  129 00000138 00000000        DCD              0           ; Reserved
  130 0000013C 00000000        DCD              0           ; Reserved
  131 00000140 00000000        DCD              0           ; Reserved
  132 00000144 00000000        DCD              0           ; Reserved
  133 00000148 00000000        DCD              0           ; Reserved
  134 0000014C 00000000        DCD              0           ; Reserved
  135 00000150 00000000        DCD              0           ; Reserved
  136 00000154 00000000        DCD              0           ; Reserved
  137 00000158 00000000        DCD              0           ; Reserved
  138 0000015C 00000000        DCD              0           ; Reserved
  139 00000160 00000000        DCD              0           ; Reserved
  140 00000164 00000000        DCD              0           ; Reserved
  141 00000168 00000000        DCD              0           ; Reserved
  142 0000016C 00000000        DCD              0           ; Reserved
  143 00000170 00000000        DCD              0           ; Reserved
  144 00000174 00000000        DCD              0           ; Reserved
  145 00000178 00000000        DCD              0           ; Reserved
  146 0000017C 00000000        DCD              0           ; Reserved
  147 00000180 00000000        DCD              0           ; Reserved
  148 00000184 00000000        DCD              0           ; Reserved
  149 00000188 00000000        DCD              0           ; Reserved
  150 0000018C 00000000        DCD              0           ; Reserved
  151 00000190 00000000        DCD              0           ; Reserved
  152 00000194 00000000        DCD              0           ; Reserved
  153 00000198 00000000        DCD              0           ; Reserved
  154 0000019C 00000000        DCD              0           ; Reserved
  155 000001A0 00000000        DCD              0           ; Reserved
  156 000001A4 00000000        DCD              0           ; Reserved
  157 000001A8 00000000        DCD              0           ; Reserved
  158 000001AC 00000000        DCD              0           ; Reserved
  159 000001B0 00000000        DCD              0           ; Reserved
  160 000001B4 00000000        DCD              0           ; Reserved
  161 000001B8 00000000        DCD              0           ; Reserved
  162 000001BC 00000000        DCD              0           ; Reserved
  163 000001C0 00000000        DCD              0           ; Reserved
  164 000001C4 00000000        DCD              0           ; Reserved
  165 000001C8 00000000        DCD              0           ; Reserved
  166 000001CC 00000000        DCD              0           ; Reserved
  167 000001D0 00000000        DCD              0           ; Reserved
  168 000001D4 00000000        DCD              0           ; Reserved
  169 000001D8 00000000        DCD              0           ; Reserved
  170 000001DC 00000000        DCD              0           ; Reserved
  171 000001E0 00000000        DCD              0           ; Reserved
  172 000001E4 00000000        DCD              0           ; Reserved
  173 000001E8 00000000        DCD              0           ; Reserved
  174 000001EC 00000000        DCD              0           ; Reserved
  175 000001F0 00000000        DCD              0           ; Reserved
  176 000001F4 00000000        DCD              0           ; Reserved



ARM Macro Assembler    Page 5 


  177 000001F8 00000000        DCD              0           ; Reserved
  178 000001FC 00000000        DCD              0           ; Reserved
  179 00000200 00000000        DCD              0           ; Reserved
  180 00000204 00000000        DCD              0           ; Reserved
  181 00000208 00000000        DCD              0           ; Reserved
  182 0000020C 00000000        DCD              0           ; Reserved
  183 00000210 00000000        DCD              0           ; Reserved
  184 00000214 00000000        DCD              0           ; Reserved
  185 00000218 00000000        DCD              0           ; Reserved
  186 0000021C 00000000        DCD              0           ; Reserved
  187 00000220 00000000        DCD              0           ; Reserved
  188 00000224 00000000        DCD              0           ; Reserved
  189 00000228 00000000        DCD              0           ; Reserved
  190 0000022C 00000000        DCD              0           ; Reserved
  191 00000230 00000000        DCD              0           ; Reserved
  192 00000234 00000000        DCD              0           ; Reserved
  193 00000238 00000000        DCD              0           ; Reserved
  194 0000023C 00000000        DCD              0           ; Reserved
  195 00000240 00000000        DCD              0           ; Reserved
  196 00000244 00000000        DCD              0           ; Reserved
  197 00000248 00000000        DCD              0           ; Reserved
  198 0000024C 00000000        DCD              0           ; Reserved
  199 00000250 00000000        DCD              0           ; Reserved
  200 00000254 00000000        DCD              0           ; Reserved
  201 00000258 00000000        DCD              0           ; Reserved
  202 0000025C 00000000        DCD              0           ; Reserved
  203 00000260 00000000        DCD              0           ; Reserved
  204 00000264 00000000        DCD              0           ; Reserved
  205 00000268 00000000        DCD              0           ; Reserved
  206 0000026C 00000000        DCD              0           ; Reserved
  207 00000270 00000000        DCD              0           ; Reserved
  208 00000274 00000000        DCD              0           ; Reserved
  209 00000278 00000000        DCD              0           ; Reserved
  210 0000027C 00000000        DCD              0           ; Reserved
  211 00000280 00000000        DCD              0           ; Reserved
  212 00000284 00000000        DCD              0           ; Reserved
  213 00000288 00000000        DCD              0           ; Reserved
  214 0000028C 00000000        DCD              0           ; Reserved
  215 00000290 00000000        DCD              0           ; Reserved
  216 00000294 00000000        DCD              0           ; Reserved
  217 00000298 00000000        DCD              0           ; Reserved
  218 0000029C 00000000        DCD              0           ; Reserved
  219 000002A0 00000000        DCD              0           ; Reserved
  220 000002A4 00000000        DCD              0           ; Reserved
  221 000002A8 00000000        DCD              0           ; Reserved
  222 000002AC 00000000        DCD              0           ; Reserved
  223 000002B0 00000000        DCD              0           ; Reserved
  224 000002B4 00000000        DCD              0           ; Reserved
  225 000002B8 00000000        DCD              0           ; Reserved
  226 000002BC 00000000        DCD              0           ; Reserved
  227 000002C0 00000000        DCD              0           ; Reserved
  228 000002C4 00000000        DCD              0           ; Reserved
  229 000002C8 00000000        DCD              0           ; Reserved
  230 000002CC 00000000        DCD              0           ; Reserved
  231 000002D0 00000000        DCD              0           ; Reserved
  232 000002D4 00000000        DCD              0           ; Reserved
  233 000002D8 00000000        DCD              0           ; Reserved
  234 000002DC 00000000        DCD              0           ; Reserved
  235 000002E0 00000000        DCD              0           ; Reserved



ARM Macro Assembler    Page 6 


  236 000002E4 00000000        DCD              0           ; Reserved
  237 000002E8 00000000        DCD              0           ; Reserved
  238 000002EC 00000000        DCD              0           ; Reserved
  239 000002F0 00000000        DCD              0           ; Reserved
  240 000002F4 00000000        DCD              0           ; Reserved
  241 000002F8 00000000        DCD              0           ; Reserved
  242 000002FC 00000000        DCD              0           ; Reserved
  243 00000300 00000000        DCD              0           ; Reserved
  244 00000304 00000000        DCD              0           ; Reserved
  245 00000308 00000000        DCD              0           ; Reserved
  246 0000030C 00000000        DCD              0           ; Reserved
  247 00000310 00000000        DCD              0           ; Reserved
  248 00000314 00000000        DCD              0           ; Reserved
  249 00000318 00000000        DCD              0           ; Reserved
  250 0000031C 00000000        DCD              0           ; Reserved
  251 00000320 00000000        DCD              0           ; Reserved
  252 00000324 00000000        DCD              0           ; Reserved
  253 00000328 00000000        DCD              0           ; Reserved
  254 0000032C 00000000        DCD              0           ; Reserved
  255 00000330 00000000        DCD              0           ; Reserved
  256 00000334 00000000        DCD              0           ; Reserved
  257 00000338 00000000        DCD              0           ; Reserved
  258 0000033C 00000000        DCD              0           ; Reserved
  259 00000340 00000000        DCD              0           ; Reserved
  260 00000344 00000000        DCD              0           ; Reserved
  261 00000348 00000000        DCD              0           ; Reserved
  262 0000034C 00000000        DCD              0           ; Reserved
  263 00000350 00000000        DCD              0           ; Reserved
  264 00000354 00000000        DCD              0           ; Reserved
  265 00000358 00000000        DCD              0           ; Reserved
  266 0000035C 00000000        DCD              0           ; Reserved
  267 00000360 00000000        DCD              0           ; Reserved
  268 00000364 00000000        DCD              0           ; Reserved
  269 00000368 00000000        DCD              0           ; Reserved
  270 0000036C 00000000        DCD              0           ; Reserved
  271 00000370 00000000        DCD              0           ; Reserved
  272 00000374 00000000        DCD              0           ; Reserved
  273 00000378 00000000        DCD              0           ; Reserved
  274 0000037C 00000000        DCD              0           ; Reserved
  275 00000380 00000000        DCD              0           ; Reserved
  276 00000384 00000000        DCD              0           ; Reserved
  277 00000388 00000000        DCD              0           ; Reserved
  278 0000038C 00000000        DCD              0           ; Reserved
  279 00000390 00000000        DCD              0           ; Reserved
  280 00000394 00000000        DCD              0           ; Reserved
  281 00000398 00000000        DCD              0           ; Reserved
  282 0000039C 00000000        DCD              0           ; Reserved
  283 000003A0 00000000        DCD              0           ; Reserved
  284 000003A4 00000000        DCD              0           ; Reserved
  285 000003A8 00000000        DCD              0           ; Reserved
  286 000003AC 00000000        DCD              0           ; Reserved
  287 000003B0 00000000        DCD              0           ; Reserved
  288 000003B4 00000000        DCD              0           ; Reserved
  289 000003B8 00000000        DCD              0           ; Reserved
  290 000003BC 00000000        DCD              0           ; Reserved
  291 000003C0 00000000        DCD              0           ; Reserved
  292 000003C4 00000000        DCD              0           ; Reserved
  293 000003C8 00000000        DCD              0           ; Reserved
  294 000003CC 00000000        DCD              0           ; Reserved



ARM Macro Assembler    Page 7 


  295 000003D0 00000000        DCD              0           ; Reserved
  296 000003D4 00000000        DCD              0           ; Reserved
  297 000003D8 00000000        DCD              0           ; Reserved
  298 000003DC 00000000        DCD              0           ; Reserved
  299 000003E0 00000000        DCD              0           ; Reserved
  300 000003E4 00000000        DCD              0           ; Reserved
  301 000003E8 00000000        DCD              0           ; Reserved
  302 000003EC 00000000        DCD              0           ; Reserved
  303 000003F0 00000000        DCD              0           ; Reserved
  304 000003F4 00000000        DCD              0           ; Reserved
  305 000003F8 00000000        DCD              0           ; Reserved
  306 000003FC 00000000        DCD              0           ; Reserved
  307 00000400         
  308 00000400         __Vectors_End
  309 00000400         
  310 00000400 00000400 
                       __Vectors_Size
                               EQU              __Vectors_End - __Vectors
  311 00000400         
  312 00000400         
  313 00000400         ; debug --> don't comment
  314 00000400         ; release --> comment from this
  315 00000400         ; <h> Flash Configuration
  316 00000400         ;   <i> 16-byte flash configuration field that stores de
                       fault protection settings (loaded on reset)
  317 00000400         ;   <i> and security information that allows the MCU to 
                       restrict acces to the FTFL module.
  318 00000400         ;   <h> Backdoor Comparison Key
  319 00000400         ;     <o0>  Backdoor Key 0  <0x0-0xFF:2>
  320 00000400         ;     <o1>  Backdoor Key 1  <0x0-0xFF:2>
  321 00000400         ;     <o2>  Backdoor Key 2  <0x0-0xFF:2>
  322 00000400         ;     <o3>  Backdoor Key 3  <0x0-0xFF:2>
  323 00000400         ;     <o4>  Backdoor Key 4  <0x0-0xFF:2>
  324 00000400         ;     <o5>  Backdoor Key 5  <0x0-0xFF:2>
  325 00000400         ;     <o6>  Backdoor Key 6  <0x0-0xFF:2>
  326 00000400         ;     <o7>  Backdoor Key 7  <0x0-0xFF:2>
  327 00000400 000000FF 
                       BackDoorK0
                               EQU              0xFF
  328 00000400 000000FF 
                       BackDoorK1
                               EQU              0xFF
  329 00000400 000000FF 
                       BackDoorK2
                               EQU              0xFF
  330 00000400 000000FF 
                       BackDoorK3
                               EQU              0xFF
  331 00000400 000000FF 
                       BackDoorK4
                               EQU              0xFF
  332 00000400 000000FF 
                       BackDoorK5
                               EQU              0xFF
  333 00000400 000000FF 
                       BackDoorK6
                               EQU              0xFF
  334 00000400 000000FF 
                       BackDoorK7



ARM Macro Assembler    Page 8 


                               EQU              0xFF
  335 00000400         ;BackDoorK0      EQU     0x00
  336 00000400         ;BackDoorK1      EQU     0x00
  337 00000400         ;BackDoorK2      EQU     0x00
  338 00000400         ;BackDoorK3      EQU     0x00
  339 00000400         ;BackDoorK4      EQU     0x00
  340 00000400         ;BackDoorK5      EQU     0x00
  341 00000400         ;BackDoorK6      EQU     0x00
  342 00000400         ;BackDoorK7      EQU     0x00
  343 00000400         
  344 00000400         ;   </h>
  345 00000400         ;   <h> Program flash protection bytes (FPROT)
  346 00000400         ;     <i> Each program flash region can be protected fro
                       m program and erase operation by setting the associated 
                       PROT bit.
  347 00000400         ;     <i> Each bit protects a 1/32 region of the program
                        flash memory.
  348 00000400         ;     <h> FPROT0
  349 00000400         ;       <i> Program flash protection bytes
  350 00000400         ;       <i> 1/32 - 8/32 region
  351 00000400         ;       <o.0>   FPROT0.0
  352 00000400         ;       <o.1>   FPROT0.1
  353 00000400         ;       <o.2>   FPROT0.2
  354 00000400         ;       <o.3>   FPROT0.3
  355 00000400         ;       <o.4>   FPROT0.4
  356 00000400         ;       <o.5>   FPROT0.5
  357 00000400         ;       <o.6>   FPROT0.6
  358 00000400         ;       <o.7>   FPROT0.7
  359 00000400 00000000 
                       nFPROT0 EQU              0x00
  360 00000400 000000FF 
                       FPROT0  EQU              nFPROT0:EOR:0xFF
  361 00000400         ;nFPROT0         EQU     0x00
  362 00000400         ;FPROT0          EQU     nFPROT0:EOR:0x00
  363 00000400         ;     </h>
  364 00000400         ;     <h> FPROT1
  365 00000400         ;       <i> Program Flash Region Protect Register 1
  366 00000400         ;       <i> 9/32 - 16/32 region
  367 00000400         ;       <o.0>   FPROT1.0
  368 00000400         ;       <o.1>   FPROT1.1
  369 00000400         ;       <o.2>   FPROT1.2
  370 00000400         ;       <o.3>   FPROT1.3
  371 00000400         ;       <o.4>   FPROT1.4
  372 00000400         ;       <o.5>   FPROT1.5
  373 00000400         ;       <o.6>   FPROT1.6
  374 00000400         ;       <o.7>   FPROT1.7
  375 00000400 00000000 
                       nFPROT1 EQU              0x00
  376 00000400 000000FF 
                       FPROT1  EQU              nFPROT1:EOR:0xFF
  377 00000400         ;nFPROT1         EQU     0x00
  378 00000400         ;FPROT1          EQU     nFPROT1:EOR:0x00
  379 00000400         
  380 00000400         ;     </h>
  381 00000400         ;     <h> FPROT2
  382 00000400         ;       <i> Program Flash Region Protect Register 2
  383 00000400         ;       <i> 17/32 - 24/32 region
  384 00000400         ;       <o.0>   FPROT2.0
  385 00000400         ;       <o.1>   FPROT2.1



ARM Macro Assembler    Page 9 


  386 00000400         ;       <o.2>   FPROT2.2
  387 00000400         ;       <o.3>   FPROT2.3
  388 00000400         ;       <o.4>   FPROT2.4
  389 00000400         ;       <o.5>   FPROT2.5
  390 00000400         ;       <o.6>   FPROT2.6
  391 00000400         ;       <o.7>   FPROT2.7
  392 00000400 00000000 
                       nFPROT2 EQU              0x00
  393 00000400 000000FF 
                       FPROT2  EQU              nFPROT2:EOR:0xFF
  394 00000400         ;nFPROT2         EQU     0x00
  395 00000400         ;FPROT2          EQU     nFPROT2:EOR:0x00
  396 00000400         ;     </h>
  397 00000400         ;     <h> FPROT3
  398 00000400         ;       <i> Program Flash Region Protect Register 3
  399 00000400         ;       <i> 25/32 - 32/32 region
  400 00000400         ;       <o.0>   FPROT3.0
  401 00000400         ;       <o.1>   FPROT3.1
  402 00000400         ;       <o.2>   FPROT3.2
  403 00000400         ;       <o.3>   FPROT3.3
  404 00000400         ;       <o.4>   FPROT3.4
  405 00000400         ;       <o.5>   FPROT3.5
  406 00000400         ;       <o.6>   FPROT3.6
  407 00000400         ;       <o.7>   FPROT3.7
  408 00000400 00000000 
                       nFPROT3 EQU              0x00
  409 00000400 000000FF 
                       FPROT3  EQU              nFPROT3:EOR:0xFF
  410 00000400         ;nFPROT3         EQU     0x00
  411 00000400         ;FPROT3          EQU     nFPROT3:EOR:0x00
  412 00000400         ;     </h>
  413 00000400         ;   </h>
  414 00000400         ;   </h>
  415 00000400         ;   <h> Flash nonvolatile option byte (FOPT)
  416 00000400         ;     <i> Allows the user to customize the operation of 
                       the MCU at boot time.
  417 00000400         ;     <o.0>  LPBOOT0
  418 00000400         ;       <0=> Core and system clock divider (OUTDIV1) is 
                       0x7 (divide by 8) or 0x3 (divide by 4)
  419 00000400         ;       <1=> Core and system clock divider (OUTDIV1) is 
                       0x1 (divide by 2) or 0x0 (divide by 1)
  420 00000400         ;     <o.4>  LPBOOT1
  421 00000400         ;       <0=> Core and system clock divider (OUTDIV1) is 
                       0x7 (divide by 8) or 0x1 (divide by 2)
  422 00000400         ;       <1=> Core and system clock divider (OUTDIV1) is 
                       0x3 (divide by 4) or 0x0 (divide by 1)
  423 00000400         ;     <o.2>  NMI_DIS
  424 00000400         ;       <0=> NMI interrupts are always blocked
  425 00000400         ;       <1=> NMI pin/interrupts reset default to enabled
                       
  426 00000400         ;     <o.3>  RESET_PIN_CFG
  427 00000400         ;       <0=> RESET pin is disabled following a POR and c
                       annot be enabled as RESET function
  428 00000400         ;       <1=> RESET pin is dedicated
  429 00000400         ;     <o.3>  FAST_INIT
  430 00000400         ;       <0=> Slower initialization
  431 00000400         ;       <1=> Fast Initialization
  432 00000400 000000FB 
                       FOPT    EQU              0xFB



ARM Macro Assembler    Page 10 


  433 00000400         ;FOPT            EQU     0x00
  434 00000400         ;   </h>
  435 00000400         ;   <h> Flash security byte (FSEC)
  436 00000400         ;     <i> WARNING: If SEC field is configured as "MCU se
                       curity status is secure" and MEEN field is configured as
                        "Mass erase is disabled",
  437 00000400         ;     <i> MCU's security status cannot be set back to un
                       secure state since Mass erase via the debugger is blocke
                       d !!!
  438 00000400         ;     <o.0..1> SEC
  439 00000400         ;       <2=> MCU security status is unsecure
  440 00000400         ;       <3=> MCU security status is secure
  441 00000400         ;         <i> Flash Security
  442 00000400         ;         <i> This bits define the security state of the
                        MCU.
  443 00000400         ;     <o.2..3> FSLACC
  444 00000400         ;       <2=> Freescale factory access denied
  445 00000400         ;       <3=> Freescale factory access granted
  446 00000400         ;         <i> Freescale Failure Analysis Access Code
  447 00000400         ;         <i> This bits define the security state of the
                        MCU.
  448 00000400         ;     <o.4..5> MEEN
  449 00000400         ;       <2=> Mass erase is disabled
  450 00000400         ;       <3=> Mass erase is enabled
  451 00000400         ;         <i> Mass Erase Enable Bits
  452 00000400         ;         <i> Enables and disables mass erase capability
                        of the FTFL module
  453 00000400         ;     <o.6..7> KEYEN
  454 00000400         ;       <2=> Backdoor key access enabled
  455 00000400         ;       <3=> Backdoor key access disabled
  456 00000400         ;         <i> Backdoor key Security Enable
  457 00000400         ;         <i> These bits enable and disable backdoor key
                        access to the FTFL module.
  458 00000400 000000FE 
                       FSEC    EQU              0xFE
  459 00000400         ;FSEC            EQU     0x00
  460 00000400         ;   </h>
  461 00000400         
  462 00000400                 IF               :LNOT::DEF:RAM_TARGET
  463 00000400                 AREA             |.ARM.__at_0x400|, CODE, READON
LY
  464 00000000 FF FF FF 
              FF               DCB              BackDoorK0, BackDoorK1, BackDoo
rK2, BackDoorK3
  465 00000004 FF FF FF 
              FF               DCB              BackDoorK4, BackDoorK5, BackDoo
rK6, BackDoorK7
  466 00000008 FF FF FF 
              FF               DCB              FPROT0,     FPROT1,     FPROT2,
     FPROT3
  467 0000000C FE FB FF 
              FF               DCB              FSEC,       FOPT,       0xFF,  
   0xFF
  468 00000010                 ENDIF
  469 00000010         
  470 00000010         ; comment to this
  471 00000010         
  472 00000010                 AREA             |.text|, CODE, READONLY
  473 00000000         



ARM Macro Assembler    Page 11 


  474 00000000         
  475 00000000         ; Reset Handler
  476 00000000         
  477 00000000         Reset_Handler
                               PROC
  478 00000000                 EXPORT           Reset_Handler             [WEAK
]
  479 00000000                 IMPORT           SystemInit
  480 00000000                 IMPORT           __main
  481 00000000 4804            LDR              R0, =SystemInit
  482 00000002 4780            BLX              R0
  483 00000004 4804            LDR              R0, =__main
  484 00000006 4700            BX               R0
  485 00000008                 ENDP
  486 00000008         
  487 00000008         
  488 00000008         ; Dummy Exception Handlers (infinite loops which can be 
                       modified)
  489 00000008         
  490 00000008         NMI_Handler
                               PROC
  491 00000008                 EXPORT           NMI_Handler               [WEAK
]
  492 00000008 E7FE            B                .
  493 0000000A                 ENDP
  495 0000000A         HardFault_Handler
                               PROC
  496 0000000A                 EXPORT           HardFault_Handler         [WEAK
]
  497 0000000A E7FE            B                .
  498 0000000C                 ENDP
  499 0000000C         SVC_Handler
                               PROC
  500 0000000C                 EXPORT           SVC_Handler               [WEAK
]
  501 0000000C E7FE            B                .
  502 0000000E                 ENDP
  503 0000000E         PendSV_Handler
                               PROC
  504 0000000E                 EXPORT           PendSV_Handler            [WEAK
]
  505 0000000E E7FE            B                .
  506 00000010                 ENDP
  507 00000010         SysTick_Handler
                               PROC
  508 00000010                 EXPORT           SysTick_Handler           [WEAK
]
  509 00000010 E7FE            B                .
  510 00000012                 ENDP
  511 00000012         
  512 00000012         Default_Handler
                               PROC
  513 00000012                 EXPORT           DMA0_IRQHandler     [WEAK]
  514 00000012                 EXPORT           DMA1_IRQHandler     [WEAK]
  515 00000012                 EXPORT           DMA2_IRQHandler     [WEAK]
  516 00000012                 EXPORT           DMA3_IRQHandler     [WEAK]
  517 00000012                 EXPORT           Reserved20_IRQHandler     [WEAK
]
  518 00000012                 EXPORT           FTFA_IRQHandler     [WEAK]



ARM Macro Assembler    Page 12 


  519 00000012                 EXPORT           LVD_LVW_IRQHandler     [WEAK]
  520 00000012                 EXPORT           LLW_IRQHandler     [WEAK]
  521 00000012                 EXPORT           I2C0_IRQHandler     [WEAK]
  522 00000012                 EXPORT           I2C1_IRQHandler     [WEAK]
  523 00000012                 EXPORT           SPI0_IRQHandler     [WEAK]
  524 00000012                 EXPORT           SPI1_IRQHandler     [WEAK]
  525 00000012                 EXPORT           UART0_IRQHandler     [WEAK]
  526 00000012                 EXPORT           UART1_IRQHandler     [WEAK]
  527 00000012                 EXPORT           UART2_IRQHandler     [WEAK]
  528 00000012                 EXPORT           ADC0_IRQHandler     [WEAK]
  529 00000012                 EXPORT           CMP0_IRQHandler     [WEAK]
  530 00000012                 EXPORT           TPM0_IRQHandler     [WEAK]
  531 00000012                 EXPORT           TPM1_IRQHandler     [WEAK]
  532 00000012                 EXPORT           TPM2_IRQHandler     [WEAK]
  533 00000012                 EXPORT           RTC_IRQHandler     [WEAK]
  534 00000012                 EXPORT           RTC_Seconds_IRQHandler     [WEA
K]
  535 00000012                 EXPORT           PIT_IRQHandler     [WEAK]
  536 00000012                 EXPORT           Reserved39_IRQHandler     [WEAK
]
  537 00000012                 EXPORT           USB0_IRQHandler     [WEAK]
  538 00000012                 EXPORT           DAC0_IRQHandler     [WEAK]
  539 00000012                 EXPORT           TSI0_IRQHandler     [WEAK]
  540 00000012                 EXPORT           MCG_IRQHandler     [WEAK]
  541 00000012                 EXPORT           LPTimer_IRQHandler     [WEAK]
  542 00000012                 EXPORT           Reserved45_IRQHandler     [WEAK
]
  543 00000012                 EXPORT           PORTA_IRQHandler     [WEAK]
  544 00000012                 EXPORT           PORTD_IRQHandler     [WEAK]
  545 00000012                 EXPORT           DefaultISR                     
 [WEAK]
  546 00000012         
  547 00000012         DMA0_IRQHandler
  548 00000012         DMA1_IRQHandler
  549 00000012         DMA2_IRQHandler
  550 00000012         DMA3_IRQHandler
  551 00000012         Reserved20_IRQHandler
  552 00000012         FTFA_IRQHandler
  553 00000012         LVD_LVW_IRQHandler
  554 00000012         LLW_IRQHandler
  555 00000012         I2C0_IRQHandler
  556 00000012         I2C1_IRQHandler
  557 00000012         SPI0_IRQHandler
  558 00000012         SPI1_IRQHandler
  559 00000012         UART0_IRQHandler
  560 00000012         UART1_IRQHandler
  561 00000012         UART2_IRQHandler
  562 00000012         ADC0_IRQHandler
  563 00000012         CMP0_IRQHandler
  564 00000012         TPM0_IRQHandler
  565 00000012         TPM1_IRQHandler
  566 00000012         TPM2_IRQHandler
  567 00000012         RTC_IRQHandler
  568 00000012         RTC_Seconds_IRQHandler
  569 00000012         PIT_IRQHandler
  570 00000012         Reserved39_IRQHandler
  571 00000012         USB0_IRQHandler
  572 00000012         DAC0_IRQHandler
  573 00000012         TSI0_IRQHandler



ARM Macro Assembler    Page 13 


  574 00000012         MCG_IRQHandler
  575 00000012         LPTimer_IRQHandler
  576 00000012         Reserved45_IRQHandler
  577 00000012         PORTA_IRQHandler
  578 00000012         PORTD_IRQHandler
  579 00000012         DefaultISR
  580 00000012         
  581 00000012 E7FE            B                .
  582 00000014         
  583 00000014                 ENDP
  584 00000014         
  585 00000014         
  586 00000014                 ALIGN
  587 00000014         
  588 00000014         
  589 00000014         ; User Initial Stack & Heap
  590 00000014         
  591 00000014                 IF               :DEF:__MICROLIB
  592 00000014         
  593 00000014                 EXPORT           __initial_sp
  594 00000014                 EXPORT           __heap_base
  595 00000014                 EXPORT           __heap_limit
  596 00000014         
  597 00000014                 ELSE
  611                          ENDIF
  612 00000014         
  613 00000014         
  614 00000014                 END
              00000000 
              00000000 
Command Line: --debug --xref --cpu=Cortex-M0+ --apcs=interwork --depend=.\flash
\startup_mkl25z4.d -o.\flash\startup_mkl25z4.o -IC:\Keil\ARM\RV31\INC -IC:\Keil
\ARM\CMSIS\Include -IC:\Keil\ARM\Inc\Freescale\Kinetis --predefine="__MICROLIB 
SETA 1" --list=.\uv4build\startup_mkl25z4.lst ..\..\..\src\cpu\startup_MKL25Z4.
s



ARM Macro Assembler    Page 1 Alphabetic symbol ordering
Relocatable symbols

STACK 00000000

Symbol: STACK
   Definitions
      At line 21 in file ..\..\..\src\cpu\startup_MKL25Z4.s
   Uses
      None
Comment: STACK unused
Stack_Mem 00000000

Symbol: Stack_Mem
   Definitions
      At line 22 in file ..\..\..\src\cpu\startup_MKL25Z4.s
   Uses
      None
Comment: Stack_Mem unused
2 symbols



ARM Macro Assembler    Page 1 Alphabetic symbol ordering
Relocatable symbols

HEAP 00000000

Symbol: HEAP
   Definitions
      At line 32 in file ..\..\..\src\cpu\startup_MKL25Z4.s
   Uses
      None
Comment: HEAP unused
Heap_Mem 00000000

Symbol: Heap_Mem
   Definitions
      At line 34 in file ..\..\..\src\cpu\startup_MKL25Z4.s
   Uses
      None
Comment: Heap_Mem unused
__heap_base 00000000

Symbol: __heap_base
   Definitions
      At line 33 in file ..\..\..\src\cpu\startup_MKL25Z4.s
   Uses
      At line 594 in file ..\..\..\src\cpu\startup_MKL25Z4.s
Comment: __heap_base used once
__heap_limit 00000000

Symbol: __heap_limit
   Definitions
      At line 35 in file ..\..\..\src\cpu\startup_MKL25Z4.s
   Uses
      At line 595 in file ..\..\..\src\cpu\startup_MKL25Z4.s
Comment: __heap_limit used once
4 symbols



ARM Macro Assembler    Page 1 Alphabetic symbol ordering
Relocatable symbols

RESET 00000000

Symbol: RESET
   Definitions
      At line 44 in file ..\..\..\src\cpu\startup_MKL25Z4.s
   Uses
      None
Comment: RESET unused
__Vectors 00000000

Symbol: __Vectors
   Definitions
      At line 49 in file ..\..\..\src\cpu\startup_MKL25Z4.s
   Uses
      At line 45 in file ..\..\..\src\cpu\startup_MKL25Z4.s
      At line 310 in file ..\..\..\src\cpu\startup_MKL25Z4.s

__Vectors_End 00000400

Symbol: __Vectors_End
   Definitions
      At line 308 in file ..\..\..\src\cpu\startup_MKL25Z4.s
   Uses
      At line 46 in file ..\..\..\src\cpu\startup_MKL25Z4.s
      At line 310 in file ..\..\..\src\cpu\startup_MKL25Z4.s

3 symbols



ARM Macro Assembler    Page 1 Alphabetic symbol ordering
Relocatable symbols

.ARM.__at_0x400 00000000

Symbol: .ARM.__at_0x400
   Definitions
      At line 463 in file ..\..\..\src\cpu\startup_MKL25Z4.s
   Uses
      None
Comment: .ARM.__at_0x400 unused
1 symbol



ARM Macro Assembler    Page 1 Alphabetic symbol ordering
Relocatable symbols

.text 00000000

Symbol: .text
   Definitions
      At line 472 in file ..\..\..\src\cpu\startup_MKL25Z4.s
   Uses
      None
Comment: .text unused
ADC0_IRQHandler 00000012

Symbol: ADC0_IRQHandler
   Definitions
      At line 562 in file ..\..\..\src\cpu\startup_MKL25Z4.s
   Uses
      At line 82 in file ..\..\..\src\cpu\startup_MKL25Z4.s
      At line 528 in file ..\..\..\src\cpu\startup_MKL25Z4.s

CMP0_IRQHandler 00000012

Symbol: CMP0_IRQHandler
   Definitions
      At line 563 in file ..\..\..\src\cpu\startup_MKL25Z4.s
   Uses
      At line 83 in file ..\..\..\src\cpu\startup_MKL25Z4.s
      At line 529 in file ..\..\..\src\cpu\startup_MKL25Z4.s

DAC0_IRQHandler 00000012

Symbol: DAC0_IRQHandler
   Definitions
      At line 572 in file ..\..\..\src\cpu\startup_MKL25Z4.s
   Uses
      At line 92 in file ..\..\..\src\cpu\startup_MKL25Z4.s
      At line 538 in file ..\..\..\src\cpu\startup_MKL25Z4.s

DMA0_IRQHandler 00000012

Symbol: DMA0_IRQHandler
   Definitions
      At line 547 in file ..\..\..\src\cpu\startup_MKL25Z4.s
   Uses
      At line 67 in file ..\..\..\src\cpu\startup_MKL25Z4.s
      At line 513 in file ..\..\..\src\cpu\startup_MKL25Z4.s

DMA1_IRQHandler 00000012

Symbol: DMA1_IRQHandler
   Definitions
      At line 548 in file ..\..\..\src\cpu\startup_MKL25Z4.s
   Uses
      At line 68 in file ..\..\..\src\cpu\startup_MKL25Z4.s
      At line 514 in file ..\..\..\src\cpu\startup_MKL25Z4.s

DMA2_IRQHandler 00000012

Symbol: DMA2_IRQHandler
   Definitions
      At line 549 in file ..\..\..\src\cpu\startup_MKL25Z4.s
   Uses



ARM Macro Assembler    Page 2 Alphabetic symbol ordering
Relocatable symbols

      At line 69 in file ..\..\..\src\cpu\startup_MKL25Z4.s
      At line 515 in file ..\..\..\src\cpu\startup_MKL25Z4.s

DMA3_IRQHandler 00000012

Symbol: DMA3_IRQHandler
   Definitions
      At line 550 in file ..\..\..\src\cpu\startup_MKL25Z4.s
   Uses
      At line 70 in file ..\..\..\src\cpu\startup_MKL25Z4.s
      At line 516 in file ..\..\..\src\cpu\startup_MKL25Z4.s

DefaultISR 00000012

Symbol: DefaultISR
   Definitions
      At line 579 in file ..\..\..\src\cpu\startup_MKL25Z4.s
   Uses
      At line 545 in file ..\..\..\src\cpu\startup_MKL25Z4.s
Comment: DefaultISR used once
Default_Handler 00000012

Symbol: Default_Handler
   Definitions
      At line 512 in file ..\..\..\src\cpu\startup_MKL25Z4.s
   Uses
      None
Comment: Default_Handler unused
FTFA_IRQHandler 00000012

Symbol: FTFA_IRQHandler
   Definitions
      At line 552 in file ..\..\..\src\cpu\startup_MKL25Z4.s
   Uses
      At line 72 in file ..\..\..\src\cpu\startup_MKL25Z4.s
      At line 518 in file ..\..\..\src\cpu\startup_MKL25Z4.s

HardFault_Handler 0000000A

Symbol: HardFault_Handler
   Definitions
      At line 495 in file ..\..\..\src\cpu\startup_MKL25Z4.s
   Uses
      At line 52 in file ..\..\..\src\cpu\startup_MKL25Z4.s
      At line 496 in file ..\..\..\src\cpu\startup_MKL25Z4.s

I2C0_IRQHandler 00000012

Symbol: I2C0_IRQHandler
   Definitions
      At line 555 in file ..\..\..\src\cpu\startup_MKL25Z4.s
   Uses
      At line 75 in file ..\..\..\src\cpu\startup_MKL25Z4.s
      At line 521 in file ..\..\..\src\cpu\startup_MKL25Z4.s

I2C1_IRQHandler 00000012

Symbol: I2C1_IRQHandler
   Definitions



ARM Macro Assembler    Page 3 Alphabetic symbol ordering
Relocatable symbols

      At line 556 in file ..\..\..\src\cpu\startup_MKL25Z4.s
   Uses
      At line 76 in file ..\..\..\src\cpu\startup_MKL25Z4.s
      At line 522 in file ..\..\..\src\cpu\startup_MKL25Z4.s

LLW_IRQHandler 00000012

Symbol: LLW_IRQHandler
   Definitions
      At line 554 in file ..\..\..\src\cpu\startup_MKL25Z4.s
   Uses
      At line 74 in file ..\..\..\src\cpu\startup_MKL25Z4.s
      At line 520 in file ..\..\..\src\cpu\startup_MKL25Z4.s

LPTimer_IRQHandler 00000012

Symbol: LPTimer_IRQHandler
   Definitions
      At line 575 in file ..\..\..\src\cpu\startup_MKL25Z4.s
   Uses
      At line 95 in file ..\..\..\src\cpu\startup_MKL25Z4.s
      At line 541 in file ..\..\..\src\cpu\startup_MKL25Z4.s

LVD_LVW_IRQHandler 00000012

Symbol: LVD_LVW_IRQHandler
   Definitions
      At line 553 in file ..\..\..\src\cpu\startup_MKL25Z4.s
   Uses
      At line 73 in file ..\..\..\src\cpu\startup_MKL25Z4.s
      At line 519 in file ..\..\..\src\cpu\startup_MKL25Z4.s

MCG_IRQHandler 00000012

Symbol: MCG_IRQHandler
   Definitions
      At line 574 in file ..\..\..\src\cpu\startup_MKL25Z4.s
   Uses
      At line 94 in file ..\..\..\src\cpu\startup_MKL25Z4.s
      At line 540 in file ..\..\..\src\cpu\startup_MKL25Z4.s

NMI_Handler 00000008

Symbol: NMI_Handler
   Definitions
      At line 490 in file ..\..\..\src\cpu\startup_MKL25Z4.s
   Uses
      At line 51 in file ..\..\..\src\cpu\startup_MKL25Z4.s
      At line 491 in file ..\..\..\src\cpu\startup_MKL25Z4.s

PIT_IRQHandler 00000012

Symbol: PIT_IRQHandler
   Definitions
      At line 569 in file ..\..\..\src\cpu\startup_MKL25Z4.s
   Uses
      At line 89 in file ..\..\..\src\cpu\startup_MKL25Z4.s
      At line 535 in file ..\..\..\src\cpu\startup_MKL25Z4.s




ARM Macro Assembler    Page 4 Alphabetic symbol ordering
Relocatable symbols

PORTA_IRQHandler 00000012

Symbol: PORTA_IRQHandler
   Definitions
      At line 577 in file ..\..\..\src\cpu\startup_MKL25Z4.s
   Uses
      At line 97 in file ..\..\..\src\cpu\startup_MKL25Z4.s
      At line 543 in file ..\..\..\src\cpu\startup_MKL25Z4.s

PORTD_IRQHandler 00000012

Symbol: PORTD_IRQHandler
   Definitions
      At line 578 in file ..\..\..\src\cpu\startup_MKL25Z4.s
   Uses
      At line 98 in file ..\..\..\src\cpu\startup_MKL25Z4.s
      At line 544 in file ..\..\..\src\cpu\startup_MKL25Z4.s

PendSV_Handler 0000000E

Symbol: PendSV_Handler
   Definitions
      At line 503 in file ..\..\..\src\cpu\startup_MKL25Z4.s
   Uses
      At line 63 in file ..\..\..\src\cpu\startup_MKL25Z4.s
      At line 504 in file ..\..\..\src\cpu\startup_MKL25Z4.s

RTC_IRQHandler 00000012

Symbol: RTC_IRQHandler
   Definitions
      At line 567 in file ..\..\..\src\cpu\startup_MKL25Z4.s
   Uses
      At line 87 in file ..\..\..\src\cpu\startup_MKL25Z4.s
      At line 533 in file ..\..\..\src\cpu\startup_MKL25Z4.s

RTC_Seconds_IRQHandler 00000012

Symbol: RTC_Seconds_IRQHandler
   Definitions
      At line 568 in file ..\..\..\src\cpu\startup_MKL25Z4.s
   Uses
      At line 88 in file ..\..\..\src\cpu\startup_MKL25Z4.s
      At line 534 in file ..\..\..\src\cpu\startup_MKL25Z4.s

Reserved20_IRQHandler 00000012

Symbol: Reserved20_IRQHandler
   Definitions
      At line 551 in file ..\..\..\src\cpu\startup_MKL25Z4.s
   Uses
      At line 71 in file ..\..\..\src\cpu\startup_MKL25Z4.s
      At line 517 in file ..\..\..\src\cpu\startup_MKL25Z4.s

Reserved39_IRQHandler 00000012

Symbol: Reserved39_IRQHandler
   Definitions
      At line 570 in file ..\..\..\src\cpu\startup_MKL25Z4.s



ARM Macro Assembler    Page 5 Alphabetic symbol ordering
Relocatable symbols

   Uses
      At line 90 in file ..\..\..\src\cpu\startup_MKL25Z4.s
      At line 536 in file ..\..\..\src\cpu\startup_MKL25Z4.s

Reserved45_IRQHandler 00000012

Symbol: Reserved45_IRQHandler
   Definitions
      At line 576 in file ..\..\..\src\cpu\startup_MKL25Z4.s
   Uses
      At line 96 in file ..\..\..\src\cpu\startup_MKL25Z4.s
      At line 542 in file ..\..\..\src\cpu\startup_MKL25Z4.s

Reset_Handler 00000000

Symbol: Reset_Handler
   Definitions
      At line 477 in file ..\..\..\src\cpu\startup_MKL25Z4.s
   Uses
      At line 50 in file ..\..\..\src\cpu\startup_MKL25Z4.s
      At line 478 in file ..\..\..\src\cpu\startup_MKL25Z4.s

SPI0_IRQHandler 00000012

Symbol: SPI0_IRQHandler
   Definitions
      At line 557 in file ..\..\..\src\cpu\startup_MKL25Z4.s
   Uses
      At line 77 in file ..\..\..\src\cpu\startup_MKL25Z4.s
      At line 523 in file ..\..\..\src\cpu\startup_MKL25Z4.s

SPI1_IRQHandler 00000012

Symbol: SPI1_IRQHandler
   Definitions
      At line 558 in file ..\..\..\src\cpu\startup_MKL25Z4.s
   Uses
      At line 78 in file ..\..\..\src\cpu\startup_MKL25Z4.s
      At line 524 in file ..\..\..\src\cpu\startup_MKL25Z4.s

SVC_Handler 0000000C

Symbol: SVC_Handler
   Definitions
      At line 499 in file ..\..\..\src\cpu\startup_MKL25Z4.s
   Uses
      At line 60 in file ..\..\..\src\cpu\startup_MKL25Z4.s
      At line 500 in file ..\..\..\src\cpu\startup_MKL25Z4.s

SysTick_Handler 00000010

Symbol: SysTick_Handler
   Definitions
      At line 507 in file ..\..\..\src\cpu\startup_MKL25Z4.s
   Uses
      At line 64 in file ..\..\..\src\cpu\startup_MKL25Z4.s
      At line 508 in file ..\..\..\src\cpu\startup_MKL25Z4.s

TPM0_IRQHandler 00000012



ARM Macro Assembler    Page 6 Alphabetic symbol ordering
Relocatable symbols


Symbol: TPM0_IRQHandler
   Definitions
      At line 564 in file ..\..\..\src\cpu\startup_MKL25Z4.s
   Uses
      At line 84 in file ..\..\..\src\cpu\startup_MKL25Z4.s
      At line 530 in file ..\..\..\src\cpu\startup_MKL25Z4.s

TPM1_IRQHandler 00000012

Symbol: TPM1_IRQHandler
   Definitions
      At line 565 in file ..\..\..\src\cpu\startup_MKL25Z4.s
   Uses
      At line 85 in file ..\..\..\src\cpu\startup_MKL25Z4.s
      At line 531 in file ..\..\..\src\cpu\startup_MKL25Z4.s

TPM2_IRQHandler 00000012

Symbol: TPM2_IRQHandler
   Definitions
      At line 566 in file ..\..\..\src\cpu\startup_MKL25Z4.s
   Uses
      At line 86 in file ..\..\..\src\cpu\startup_MKL25Z4.s
      At line 532 in file ..\..\..\src\cpu\startup_MKL25Z4.s

TSI0_IRQHandler 00000012

Symbol: TSI0_IRQHandler
   Definitions
      At line 573 in file ..\..\..\src\cpu\startup_MKL25Z4.s
   Uses
      At line 93 in file ..\..\..\src\cpu\startup_MKL25Z4.s
      At line 539 in file ..\..\..\src\cpu\startup_MKL25Z4.s

UART0_IRQHandler 00000012

Symbol: UART0_IRQHandler
   Definitions
      At line 559 in file ..\..\..\src\cpu\startup_MKL25Z4.s
   Uses
      At line 79 in file ..\..\..\src\cpu\startup_MKL25Z4.s
      At line 525 in file ..\..\..\src\cpu\startup_MKL25Z4.s

UART1_IRQHandler 00000012

Symbol: UART1_IRQHandler
   Definitions
      At line 560 in file ..\..\..\src\cpu\startup_MKL25Z4.s
   Uses
      At line 80 in file ..\..\..\src\cpu\startup_MKL25Z4.s
      At line 526 in file ..\..\..\src\cpu\startup_MKL25Z4.s

UART2_IRQHandler 00000012

Symbol: UART2_IRQHandler
   Definitions
      At line 561 in file ..\..\..\src\cpu\startup_MKL25Z4.s
   Uses



ARM Macro Assembler    Page 7 Alphabetic symbol ordering
Relocatable symbols

      At line 81 in file ..\..\..\src\cpu\startup_MKL25Z4.s
      At line 527 in file ..\..\..\src\cpu\startup_MKL25Z4.s

USB0_IRQHandler 00000012

Symbol: USB0_IRQHandler
   Definitions
      At line 571 in file ..\..\..\src\cpu\startup_MKL25Z4.s
   Uses
      At line 91 in file ..\..\..\src\cpu\startup_MKL25Z4.s
      At line 537 in file ..\..\..\src\cpu\startup_MKL25Z4.s

41 symbols



ARM Macro Assembler    Page 1 Alphabetic symbol ordering
Absolute symbols

BackDoorK0 000000FF

Symbol: BackDoorK0
   Definitions
      At line 327 in file ..\..\..\src\cpu\startup_MKL25Z4.s
   Uses
      At line 464 in file ..\..\..\src\cpu\startup_MKL25Z4.s
Comment: BackDoorK0 used once
BackDoorK1 000000FF

Symbol: BackDoorK1
   Definitions
      At line 328 in file ..\..\..\src\cpu\startup_MKL25Z4.s
   Uses
      At line 464 in file ..\..\..\src\cpu\startup_MKL25Z4.s
Comment: BackDoorK1 used once
BackDoorK2 000000FF

Symbol: BackDoorK2
   Definitions
      At line 329 in file ..\..\..\src\cpu\startup_MKL25Z4.s
   Uses
      At line 464 in file ..\..\..\src\cpu\startup_MKL25Z4.s
Comment: BackDoorK2 used once
BackDoorK3 000000FF

Symbol: BackDoorK3
   Definitions
      At line 330 in file ..\..\..\src\cpu\startup_MKL25Z4.s
   Uses
      At line 464 in file ..\..\..\src\cpu\startup_MKL25Z4.s
Comment: BackDoorK3 used once
BackDoorK4 000000FF

Symbol: BackDoorK4
   Definitions
      At line 331 in file ..\..\..\src\cpu\startup_MKL25Z4.s
   Uses
      At line 465 in file ..\..\..\src\cpu\startup_MKL25Z4.s
Comment: BackDoorK4 used once
BackDoorK5 000000FF

Symbol: BackDoorK5
   Definitions
      At line 332 in file ..\..\..\src\cpu\startup_MKL25Z4.s
   Uses
      At line 465 in file ..\..\..\src\cpu\startup_MKL25Z4.s
Comment: BackDoorK5 used once
BackDoorK6 000000FF

Symbol: BackDoorK6
   Definitions
      At line 333 in file ..\..\..\src\cpu\startup_MKL25Z4.s
   Uses
      At line 465 in file ..\..\..\src\cpu\startup_MKL25Z4.s
Comment: BackDoorK6 used once
BackDoorK7 000000FF

Symbol: BackDoorK7



ARM Macro Assembler    Page 2 Alphabetic symbol ordering
Absolute symbols

   Definitions
      At line 334 in file ..\..\..\src\cpu\startup_MKL25Z4.s
   Uses
      At line 465 in file ..\..\..\src\cpu\startup_MKL25Z4.s
Comment: BackDoorK7 used once
FOPT 000000FB

Symbol: FOPT
   Definitions
      At line 432 in file ..\..\..\src\cpu\startup_MKL25Z4.s
   Uses
      At line 467 in file ..\..\..\src\cpu\startup_MKL25Z4.s
Comment: FOPT used once
FPROT0 000000FF

Symbol: FPROT0
   Definitions
      At line 360 in file ..\..\..\src\cpu\startup_MKL25Z4.s
   Uses
      At line 466 in file ..\..\..\src\cpu\startup_MKL25Z4.s
Comment: FPROT0 used once
FPROT1 000000FF

Symbol: FPROT1
   Definitions
      At line 376 in file ..\..\..\src\cpu\startup_MKL25Z4.s
   Uses
      At line 466 in file ..\..\..\src\cpu\startup_MKL25Z4.s
Comment: FPROT1 used once
FPROT2 000000FF

Symbol: FPROT2
   Definitions
      At line 393 in file ..\..\..\src\cpu\startup_MKL25Z4.s
   Uses
      At line 466 in file ..\..\..\src\cpu\startup_MKL25Z4.s
Comment: FPROT2 used once
FPROT3 000000FF

Symbol: FPROT3
   Definitions
      At line 409 in file ..\..\..\src\cpu\startup_MKL25Z4.s
   Uses
      At line 466 in file ..\..\..\src\cpu\startup_MKL25Z4.s
Comment: FPROT3 used once
FSEC 000000FE

Symbol: FSEC
   Definitions
      At line 458 in file ..\..\..\src\cpu\startup_MKL25Z4.s
   Uses
      At line 467 in file ..\..\..\src\cpu\startup_MKL25Z4.s
Comment: FSEC used once
Heap_Size 00000000

Symbol: Heap_Size
   Definitions
      At line 30 in file ..\..\..\src\cpu\startup_MKL25Z4.s
   Uses



ARM Macro Assembler    Page 3 Alphabetic symbol ordering
Absolute symbols

      At line 34 in file ..\..\..\src\cpu\startup_MKL25Z4.s
Comment: Heap_Size used once
Stack_Size 00000800

Symbol: Stack_Size
   Definitions
      At line 19 in file ..\..\..\src\cpu\startup_MKL25Z4.s
   Uses
      At line 22 in file ..\..\..\src\cpu\startup_MKL25Z4.s
Comment: Stack_Size used once
__Vectors_Size 00000400

Symbol: __Vectors_Size
   Definitions
      At line 310 in file ..\..\..\src\cpu\startup_MKL25Z4.s
   Uses
      At line 47 in file ..\..\..\src\cpu\startup_MKL25Z4.s
Comment: __Vectors_Size used once
__initial_sp 20002FF8

Symbol: __initial_sp
   Definitions
      At line 23 in file ..\..\..\src\cpu\startup_MKL25Z4.s
   Uses
      At line 49 in file ..\..\..\src\cpu\startup_MKL25Z4.s
      At line 593 in file ..\..\..\src\cpu\startup_MKL25Z4.s

nFPROT0 00000000

Symbol: nFPROT0
   Definitions
      At line 359 in file ..\..\..\src\cpu\startup_MKL25Z4.s
   Uses
      At line 360 in file ..\..\..\src\cpu\startup_MKL25Z4.s
Comment: nFPROT0 used once
nFPROT1 00000000

Symbol: nFPROT1
   Definitions
      At line 375 in file ..\..\..\src\cpu\startup_MKL25Z4.s
   Uses
      At line 376 in file ..\..\..\src\cpu\startup_MKL25Z4.s
Comment: nFPROT1 used once
nFPROT2 00000000

Symbol: nFPROT2
   Definitions
      At line 392 in file ..\..\..\src\cpu\startup_MKL25Z4.s
   Uses
      At line 393 in file ..\..\..\src\cpu\startup_MKL25Z4.s
Comment: nFPROT2 used once
nFPROT3 00000000

Symbol: nFPROT3
   Definitions
      At line 408 in file ..\..\..\src\cpu\startup_MKL25Z4.s
   Uses
      At line 409 in file ..\..\..\src\cpu\startup_MKL25Z4.s
Comment: nFPROT3 used once



ARM Macro Assembler    Page 4 Alphabetic symbol ordering
Absolute symbols

22 symbols



ARM Macro Assembler    Page 1 Alphabetic symbol ordering
External symbols

SystemInit 00000000

Symbol: SystemInit
   Definitions
      At line 479 in file ..\..\..\src\cpu\startup_MKL25Z4.s
   Uses
      At line 481 in file ..\..\..\src\cpu\startup_MKL25Z4.s
Comment: SystemInit used once
__main 00000000

Symbol: __main
   Definitions
      At line 480 in file ..\..\..\src\cpu\startup_MKL25Z4.s
   Uses
      At line 483 in file ..\..\..\src\cpu\startup_MKL25Z4.s
Comment: __main used once
2 symbols
410 symbols in table
